[BrowserEngine]-[2018-03-27 21:51:58,654]-[INFO]-[You had select Chrome browser.]
[BrowserEngine]-[2018-03-27 21:51:58,654]-[INFO]-[The test server url is:https://www.baidu.com]
[BrowserEngine]-[2018-03-27 21:52:05,953]-[INFO]-[Starting Chrome browser.]
[BrowserEngine]-[2018-03-27 21:52:08,734]-[INFO]-[Maximize the current window.]
[BrowserEngine]-[2018-03-27 21:52:08,735]-[INFO]-[Set implicitly wait 10 seconds.]
[BaiduSearch]-[2018-03-27 21:52:08,735]-[INFO]-[test_baidu_search1 starting...]
[BasePage]-[2018-03-27 21:52:08,776]-[INFO]-[Had find the element '  ' successful by id via value: kw ]
[BasePage]-[2018-03-27 21:52:09,059]-[INFO]-[Had type ' selenium ' in inputBox]
[BasePage]-[2018-03-27 21:52:09,121]-[INFO]-[Had find the element '  ' successful by xpath via value: //*[@id='su'] ]
[BasePage]-[2018-03-27 21:52:09,234]-[INFO]-[The element '  ' was clicked.]
[BasePage]-[2018-03-27 21:52:11,592]-[INFO]-[Had take screenshot and save to folder : /screenshots]
[BasePage]-[2018-03-27 21:52:11,597]-[INFO]-[Current page title is selenium_百度搜索]
[BaiduSearch]-[2018-03-27 21:52:11,654]-[INFO]-[Test Pass.]
[BaiduSearch]-[2018-03-27 21:52:11,654]-[INFO]-[test_baidu_search1 end.]
[BaiduSearch]-[2018-03-27 21:52:11,654]-[INFO]-[test_baidu_search2 starting...]
[BasePage]-[2018-03-27 21:52:11,671]-[INFO]-[Had find the element '  ' successful by id via value: kw ]
[BasePage]-[2018-03-27 21:52:11,756]-[INFO]-[Had type ' python ' in inputBox]
[BasePage]-[2018-03-27 21:52:11,785]-[INFO]-[Had find the element '  ' successful by xpath via value: //*[@id='su'] ]
[BasePage]-[2018-03-27 21:52:11,915]-[INFO]-[The element '  ' was clicked.]
[BasePage]-[2018-03-27 21:52:14,240]-[INFO]-[Had take screenshot and save to folder : /screenshots]
[BasePage]-[2018-03-27 21:52:14,245]-[INFO]-[Current page title is python_百度搜索]
[BaiduSearch]-[2018-03-27 21:52:14,248]-[INFO]-[Test Pass.]
[BaiduSearch]-[2018-03-27 21:52:14,248]-[INFO]-[test_baidu_search2 end.]
[BaiduSearch]-[2018-03-27 21:52:14,248]-[INFO]-[Now, Close and quit the browser.]
[BrowserEngine]-[2018-03-27 21:52:17,839]-[INFO]-[You had select Chrome browser.]
[BrowserEngine]-[2018-03-27 21:52:17,839]-[INFO]-[The test server url is:https://www.baidu.com]
[BrowserEngine]-[2018-03-27 21:52:21,912]-[INFO]-[Starting Chrome browser.]
[BrowserEngine]-[2018-03-27 21:52:24,575]-[INFO]-[Maximize the current window.]
[BrowserEngine]-[2018-03-27 21:52:24,576]-[INFO]-[Set implicitly wait 10 seconds.]
[BasePage]-[2018-03-27 21:52:24,582]-[INFO]-[Current page title is 百度一下，你就知道]
[BrowserEngine]-[2018-03-27 21:52:27,772]-[INFO]-[You had select Chrome browser.]
[BrowserEngine]-[2018-03-27 21:52:27,772]-[INFO]-[The test server url is:https://www.baidu.com]
[BrowserEngine]-[2018-03-27 21:52:31,705]-[INFO]-[Starting Chrome browser.]
[BrowserEngine]-[2018-03-27 21:52:34,541]-[INFO]-[Maximize the current window.]
[BrowserEngine]-[2018-03-27 21:52:34,542]-[INFO]-[Set implicitly wait 10 seconds.]
[TestNBANewsView]-[2018-03-27 21:52:34,542]-[INFO]-[test_view_nba_views is starting...]
[BasePage]-[2018-03-27 21:52:40,337]-[INFO]-[Had take screenshot and save to folder : /screenshots]
[TestNBANewsView]-[2018-03-27 21:52:40,337]-[INFO]-[test_view_nba_views is end.]
