[BrowserEngine]-[2018-03-27 20:07:20,714]-[INFO]-[You had select Chrome browser.]
[BrowserEngine]-[2018-03-27 20:07:20,715]-[INFO]-[The test server url is:https://www.baidu.com]
[BrowserEngine]-[2018-03-27 20:07:41,814]-[INFO]-[Starting Chrome browser.]
[BrowserEngine]-[2018-03-27 20:07:47,350]-[INFO]-[Maximize the current window.]
[BrowserEngine]-[2018-03-27 20:07:47,352]-[INFO]-[Set implicitly wait 10 seconds.]
[BaiduSearch]-[2018-03-27 20:07:47,352]-[INFO]-[test_baidu_search1 starting...]
[BasePage]-[2018-03-27 20:07:47,430]-[INFO]-[Had find the element '  ' successful by id via value: kw ]
[BasePage]-[2018-03-27 20:07:47,926]-[INFO]-[Had type ' selenium ' in inputBox]
[BasePage]-[2018-03-27 20:07:48,342]-[INFO]-[Had find the element '  ' successful by xpath via value: //*[@id='su'] ]
[BasePage]-[2018-03-27 20:07:48,858]-[INFO]-[The element '  ' was clicked.]
[BasePage]-[2018-03-27 20:07:51,370]-[INFO]-[Had take screenshot and save to folder : /screenshots]
[BasePage]-[2018-03-27 20:07:51,376]-[INFO]-[Current page title is selenium_百度搜索]
[BaiduSearch]-[2018-03-27 20:07:51,380]-[INFO]-[Test Pass.]
[BaiduSearch]-[2018-03-27 20:07:51,380]-[INFO]-[test_baidu_search1 end.]
[BaiduSearch]-[2018-03-27 20:07:51,380]-[INFO]-[test_baidu_search2 starting...]
[BasePage]-[2018-03-27 20:07:51,391]-[INFO]-[Had find the element '  ' successful by id via value: kw ]
[BasePage]-[2018-03-27 20:07:51,454]-[INFO]-[Had type ' python ' in inputBox]
[BasePage]-[2018-03-27 20:07:51,469]-[INFO]-[Had find the element '  ' successful by xpath via value: //*[@id='su'] ]
[BasePage]-[2018-03-27 20:07:51,556]-[INFO]-[The element '  ' was clicked.]
[BasePage]-[2018-03-27 20:07:53,997]-[INFO]-[Had take screenshot and save to folder : /screenshots]
[BasePage]-[2018-03-27 20:07:54,003]-[INFO]-[Current page title is python_百度搜索]
[BaiduSearch]-[2018-03-27 20:07:54,006]-[INFO]-[Test Pass.]
[BaiduSearch]-[2018-03-27 20:07:54,006]-[INFO]-[test_baidu_search2 end.]
[BaiduSearch]-[2018-03-27 20:07:54,007]-[INFO]-[Now, Close and quit the browser.]
[BrowserEngine]-[2018-03-27 20:07:57,056]-[INFO]-[You had select Chrome browser.]
[BrowserEngine]-[2018-03-27 20:07:57,056]-[INFO]-[The test server url is:https://www.baidu.com]
[BrowserEngine]-[2018-03-27 20:08:02,039]-[INFO]-[Starting Chrome browser.]
[BrowserEngine]-[2018-03-27 20:08:05,037]-[INFO]-[Maximize the current window.]
[BrowserEngine]-[2018-03-27 20:08:05,039]-[INFO]-[Set implicitly wait 10 seconds.]
[BasePage]-[2018-03-27 20:08:05,044]-[INFO]-[Current page title is 百度一下，你就知道]
[BrowserEngine]-[2018-03-27 20:08:10,121]-[INFO]-[You had select Chrome browser.]
[BrowserEngine]-[2018-03-27 20:08:10,121]-[INFO]-[The test server url is:https://www.baidu.com]
[BrowserEngine]-[2018-03-27 20:08:14,166]-[INFO]-[Starting Chrome browser.]
[BrowserEngine]-[2018-03-27 20:08:18,876]-[INFO]-[Maximize the current window.]
[BrowserEngine]-[2018-03-27 20:08:18,877]-[INFO]-[Set implicitly wait 10 seconds.]
[TestNBANewsView]-[2018-03-27 20:08:18,877]-[INFO]-[test_view_nba_views is starting...]
[BasePage]-[2018-03-27 20:08:25,129]-[INFO]-[Had take screenshot and save to folder : /screenshots]
[TestNBANewsView]-[2018-03-27 20:08:25,129]-[INFO]-[test_view_nba_views is end.]
