[BrowserEngine]-[2018-03-27 12:52:43,926]-[INFO]-[You had select Chrome browser.]
[BrowserEngine]-[2018-03-27 12:52:43,926]-[INFO]-[The test server url is:https://www.baidu.com]
[BrowserEngine]-[2018-03-27 12:52:48,233]-[INFO]-[Starting Chrome browser.]
[BrowserEngine]-[2018-03-27 12:52:52,434]-[INFO]-[Maximize the current window.]
[BrowserEngine]-[2018-03-27 12:52:52,435]-[INFO]-[Set implicitly wait 10 seconds.]
[BaiduSearch]-[2018-03-27 12:52:52,436]-[INFO]-[test_baidu_search starting...]
[BasePage]-[2018-03-27 12:52:52,474]-[INFO]-[Had find the element '  ' successful by id via value: kw ]
[BasePage]-[2018-03-27 12:52:52,635]-[INFO]-[Had type ' selenium ' in inputBox]
[BasePage]-[2018-03-27 12:52:52,673]-[INFO]-[Had find the element '  ' successful by xpath via value: //*[@id='su'] ]
[BasePage]-[2018-03-27 12:52:52,758]-[INFO]-[The element '  ' was clicked.]
[BasePage]-[2018-03-27 12:52:55,253]-[INFO]-[Had take screenshot and save to folder : /screenshots]
[BasePage]-[2018-03-27 12:52:55,259]-[INFO]-[Current page title is selenium_百度搜索]
[BaiduSearch]-[2018-03-27 12:52:55,262]-[INFO]-[Test Pass.]
[BaiduSearch]-[2018-03-27 12:52:55,262]-[INFO]-[test_baidu_search end.]
[BaiduSearch]-[2018-03-27 12:52:55,262]-[INFO]-[test_search2 starting...]
[BasePage]-[2018-03-27 12:52:55,279]-[INFO]-[Had find the element '  ' successful by id via value: kw ]
[BasePage]-[2018-03-27 12:52:55,364]-[INFO]-[Had type ' python ' in inputBox]
[BasePage]-[2018-03-27 12:52:55,389]-[INFO]-[Had find the element '  ' successful by xpath via value: //*[@id='su'] ]
[BasePage]-[2018-03-27 12:52:55,474]-[INFO]-[The element '  ' was clicked.]
[BasePage]-[2018-03-27 12:52:57,898]-[INFO]-[Had take screenshot and save to folder : /screenshots]
[BasePage]-[2018-03-27 12:52:57,902]-[INFO]-[Current page title is python_百度搜索]
[BaiduSearch]-[2018-03-27 12:52:57,906]-[INFO]-[Test Pass.]
[BaiduSearch]-[2018-03-27 12:52:57,906]-[INFO]-[test_search2 end.]
[BaiduSearch]-[2018-03-27 12:52:57,907]-[INFO]-[Now, Close and quit the browser.]
