[BrowserEngine]-[2018-03-27 12:54:21,227]-[INFO]-[You had select Chrome browser.]
[BrowserEngine]-[2018-03-27 12:54:21,227]-[INFO]-[The test server url is:https://www.baidu.com]
[BrowserEngine]-[2018-03-27 12:54:25,664]-[INFO]-[Starting Chrome browser.]
[BrowserEngine]-[2018-03-27 12:54:29,483]-[INFO]-[Maximize the current window.]
[BrowserEngine]-[2018-03-27 12:54:29,486]-[INFO]-[Set implicitly wait 10 seconds.]
[BaiduSearch]-[2018-03-27 12:54:29,490]-[INFO]-[test_baidu_search starting...]
[BasePage]-[2018-03-27 12:54:29,534]-[INFO]-[Had find the element '  ' successful by id via value: kw ]
[BasePage]-[2018-03-27 12:54:29,697]-[INFO]-[Had type ' selenium ' in inputBox]
[BasePage]-[2018-03-27 12:54:29,774]-[INFO]-[Had find the element '  ' successful by xpath via value: //*[@id='su'] ]
[BasePage]-[2018-03-27 12:54:29,871]-[INFO]-[The element '  ' was clicked.]
[BasePage]-[2018-03-27 12:54:32,352]-[INFO]-[Had take screenshot and save to folder : /screenshots]
[BasePage]-[2018-03-27 12:54:32,358]-[INFO]-[Current page title is selenium_百度搜索]
[BaiduSearch]-[2018-03-27 12:54:32,360]-[INFO]-[Test Pass.]
[BaiduSearch]-[2018-03-27 12:54:32,360]-[INFO]-[test_baidu_search end.]
[BaiduSearch]-[2018-03-27 12:54:32,361]-[INFO]-[test_baidu_search2 starting...]
[BasePage]-[2018-03-27 12:54:32,372]-[INFO]-[Had find the element '  ' successful by id via value: kw ]
[BasePage]-[2018-03-27 12:54:32,446]-[INFO]-[Had type ' python ' in inputBox]
[BasePage]-[2018-03-27 12:54:32,464]-[INFO]-[Had find the element '  ' successful by xpath via value: //*[@id='su'] ]
[BasePage]-[2018-03-27 12:54:32,529]-[INFO]-[The element '  ' was clicked.]
[BasePage]-[2018-03-27 12:54:34,954]-[INFO]-[Had take screenshot and save to folder : /screenshots]
[BasePage]-[2018-03-27 12:54:34,959]-[INFO]-[Current page title is python_百度搜索]
[BaiduSearch]-[2018-03-27 12:54:34,961]-[INFO]-[Test Pass.]
[BaiduSearch]-[2018-03-27 12:54:34,961]-[INFO]-[test_baidu_search2 end.]
[BaiduSearch]-[2018-03-27 12:54:34,962]-[INFO]-[Now, Close and quit the browser.]
[BrowserEngine]-[2018-03-27 12:54:50,633]-[INFO]-[You had select Chrome browser.]
[BrowserEngine]-[2018-03-27 12:54:50,633]-[INFO]-[The test server url is:https://www.baidu.com]
[BrowserEngine]-[2018-03-27 12:54:54,754]-[INFO]-[Starting Chrome browser.]
[BrowserEngine]-[2018-03-27 12:54:59,902]-[INFO]-[Maximize the current window.]
[BrowserEngine]-[2018-03-27 12:54:59,904]-[INFO]-[Set implicitly wait 10 seconds.]
[BaiduSearch]-[2018-03-27 12:54:59,905]-[INFO]-[test_baidu_search starting...]
[BasePage]-[2018-03-27 12:54:59,945]-[INFO]-[Had find the element '  ' successful by id via value: kw ]
[BasePage]-[2018-03-27 12:55:00,100]-[INFO]-[Had type ' selenium ' in inputBox]
[BasePage]-[2018-03-27 12:55:00,138]-[INFO]-[Had find the element '  ' successful by xpath via value: //*[@id='su'] ]
[BasePage]-[2018-03-27 12:55:00,218]-[INFO]-[The element '  ' was clicked.]
[BasePage]-[2018-03-27 12:55:02,690]-[INFO]-[Had take screenshot and save to folder : /screenshots]
[BasePage]-[2018-03-27 12:55:02,696]-[INFO]-[Current page title is selenium_百度搜索]
[BaiduSearch]-[2018-03-27 12:55:02,699]-[INFO]-[Test Pass.]
[BaiduSearch]-[2018-03-27 12:55:02,699]-[INFO]-[test_baidu_search end.]
[BaiduSearch]-[2018-03-27 12:55:02,699]-[INFO]-[test_baidu_search2 starting...]
[BasePage]-[2018-03-27 12:55:02,713]-[INFO]-[Had find the element '  ' successful by id via value: kw ]
[BasePage]-[2018-03-27 12:55:02,814]-[INFO]-[Had type ' python ' in inputBox]
[BasePage]-[2018-03-27 12:55:02,829]-[INFO]-[Had find the element '  ' successful by xpath via value: //*[@id='su'] ]
[BasePage]-[2018-03-27 12:55:02,886]-[INFO]-[The element '  ' was clicked.]
[BasePage]-[2018-03-27 12:55:05,317]-[INFO]-[Had take screenshot and save to folder : /screenshots]
[BasePage]-[2018-03-27 12:55:05,321]-[INFO]-[Current page title is python_百度搜索]
[BaiduSearch]-[2018-03-27 12:55:05,323]-[INFO]-[Test Pass.]
[BaiduSearch]-[2018-03-27 12:55:05,323]-[INFO]-[test_baidu_search2 end.]
[BaiduSearch]-[2018-03-27 12:55:05,324]-[INFO]-[Now, Close and quit the browser.]
