[BrowserEngine]-[2018-03-27 19:07:00,930]-[INFO]-[You had select Chrome browser.]
[BrowserEngine]-[2018-03-27 19:07:00,930]-[INFO]-[The test server url is:https://www.baidu.com]
[BrowserEngine]-[2018-03-27 19:07:50,005]-[INFO]-[Starting Chrome browser.]
[BrowserEngine]-[2018-03-27 19:07:55,557]-[INFO]-[Maximize the current window.]
[BrowserEngine]-[2018-03-27 19:07:55,589]-[INFO]-[Set implicitly wait 10 seconds.]
[BaiduSearch]-[2018-03-27 19:07:55,589]-[INFO]-[test_baidu_search1 starting...]
[BasePage]-[2018-03-27 19:07:55,655]-[INFO]-[Had find the element '  ' successful by id via value: kw ]
[BasePage]-[2018-03-27 19:07:56,152]-[INFO]-[Had type ' selenium ' in inputBox]
[BasePage]-[2018-03-27 19:07:56,323]-[INFO]-[Had find the element '  ' successful by xpath via value: //*[@id='su'] ]
[BasePage]-[2018-03-27 19:07:56,586]-[INFO]-[The element '  ' was clicked.]
[BasePage]-[2018-03-27 19:07:59,158]-[INFO]-[Had take screenshot and save to folder : /screenshots]
[BasePage]-[2018-03-27 19:07:59,181]-[INFO]-[Current page title is selenium_百度搜索]
[BaiduSearch]-[2018-03-27 19:07:59,198]-[INFO]-[Test Pass.]
[BaiduSearch]-[2018-03-27 19:07:59,198]-[INFO]-[test_baidu_search1 end.]
[BaiduSearch]-[2018-03-27 19:07:59,199]-[INFO]-[test_baidu_search2 starting...]
[BasePage]-[2018-03-27 19:07:59,227]-[INFO]-[Had find the element '  ' successful by id via value: kw ]
[BasePage]-[2018-03-27 19:07:59,301]-[INFO]-[Had type ' python ' in inputBox]
[BasePage]-[2018-03-27 19:07:59,316]-[INFO]-[Had find the element '  ' successful by xpath via value: //*[@id='su'] ]
[BasePage]-[2018-03-27 19:07:59,901]-[INFO]-[The element '  ' was clicked.]
[BasePage]-[2018-03-27 19:08:07,586]-[INFO]-[Had take screenshot and save to folder : /screenshots]
[BasePage]-[2018-03-27 19:08:07,590]-[INFO]-[Current page title is python_百度搜索]
[BaiduSearch]-[2018-03-27 19:08:07,592]-[INFO]-[Test Pass.]
[BaiduSearch]-[2018-03-27 19:08:07,592]-[INFO]-[test_baidu_search2 end.]
[BaiduSearch]-[2018-03-27 19:08:07,592]-[INFO]-[Now, Close and quit the browser.]
[BrowserEngine]-[2018-03-27 19:08:10,684]-[INFO]-[You had select Chrome browser.]
[BrowserEngine]-[2018-03-27 19:08:10,684]-[INFO]-[The test server url is:https://www.baidu.com]
[BrowserEngine]-[2018-03-27 19:08:16,799]-[INFO]-[Starting Chrome browser.]
[BrowserEngine]-[2018-03-27 19:08:19,617]-[INFO]-[Maximize the current window.]
[BrowserEngine]-[2018-03-27 19:08:19,619]-[INFO]-[Set implicitly wait 10 seconds.]
[BasePage]-[2018-03-27 19:08:19,626]-[INFO]-[Current page title is 百度一下，你就知道]
[BrowserEngine]-[2018-03-27 19:08:22,736]-[INFO]-[You had select Chrome browser.]
[BrowserEngine]-[2018-03-27 19:08:22,736]-[INFO]-[The test server url is:https://www.baidu.com]
[BrowserEngine]-[2018-03-27 19:08:26,796]-[INFO]-[Starting Chrome browser.]
[BrowserEngine]-[2018-03-27 19:08:30,940]-[INFO]-[Maximize the current window.]
[BrowserEngine]-[2018-03-27 19:08:30,941]-[INFO]-[Set implicitly wait 10 seconds.]
[TestNBANewsView]-[2018-03-27 19:08:30,941]-[INFO]-[test_view_nba_views is starting...]
[BasePage]-[2018-03-27 19:08:42,382]-[INFO]-[Had take screenshot and save to folder : /screenshots]
[TestNBANewsView]-[2018-03-27 19:08:42,383]-[INFO]-[test_view_nba_views is end.]
