[BrowserEngine]-[2018-03-27 12:53:27,233]-[INFO]-[You had select Chrome browser.]
[BrowserEngine]-[2018-03-27 12:53:27,233]-[INFO]-[The test server url is:https://www.baidu.com]
[BrowserEngine]-[2018-03-27 12:53:32,135]-[INFO]-[Starting Chrome browser.]
[BrowserEngine]-[2018-03-27 12:53:36,220]-[INFO]-[Maximize the current window.]
[BrowserEngine]-[2018-03-27 12:53:36,221]-[INFO]-[Set implicitly wait 10 seconds.]
[BaiduSearch]-[2018-03-27 12:53:36,222]-[INFO]-[test_baidu_search starting...]
[BasePage]-[2018-03-27 12:53:36,261]-[INFO]-[Had find the element '  ' successful by id via value: kw ]
[BasePage]-[2018-03-27 12:53:36,418]-[INFO]-[Had type ' selenium ' in inputBox]
[BasePage]-[2018-03-27 12:53:36,454]-[INFO]-[Had find the element '  ' successful by xpath via value: //*[@id='su'] ]
[BasePage]-[2018-03-27 12:53:36,603]-[INFO]-[The element '  ' was clicked.]
[BasePage]-[2018-03-27 12:53:39,083]-[INFO]-[Had take screenshot and save to folder : /screenshots]
[BasePage]-[2018-03-27 12:53:39,088]-[INFO]-[Current page title is selenium_百度搜索]
[BaiduSearch]-[2018-03-27 12:53:39,092]-[INFO]-[Test Pass.]
[BaiduSearch]-[2018-03-27 12:53:39,092]-[INFO]-[test_baidu_search end.]
[BaiduSearch]-[2018-03-27 12:53:39,092]-[INFO]-[Now, Close and quit the browser.]
[BrowserEngine]-[2018-03-27 12:53:55,515]-[INFO]-[You had select Chrome browser.]
[BrowserEngine]-[2018-03-27 12:53:55,515]-[INFO]-[The test server url is:https://www.baidu.com]
[BrowserEngine]-[2018-03-27 12:53:59,933]-[INFO]-[Starting Chrome browser.]
[BrowserEngine]-[2018-03-27 12:54:03,642]-[INFO]-[Maximize the current window.]
[BrowserEngine]-[2018-03-27 12:54:03,643]-[INFO]-[Set implicitly wait 10 seconds.]
[BaiduSearch]-[2018-03-27 12:54:03,644]-[INFO]-[test_baidu_search starting...]
[BasePage]-[2018-03-27 12:54:03,685]-[INFO]-[Had find the element '  ' successful by id via value: kw ]
[BasePage]-[2018-03-27 12:54:03,864]-[INFO]-[Had type ' selenium ' in inputBox]
[BasePage]-[2018-03-27 12:54:03,908]-[INFO]-[Had find the element '  ' successful by xpath via value: //*[@id='su'] ]
[BasePage]-[2018-03-27 12:54:03,998]-[INFO]-[The element '  ' was clicked.]
[BasePage]-[2018-03-27 12:54:06,506]-[INFO]-[Had take screenshot and save to folder : /screenshots]
[BasePage]-[2018-03-27 12:54:06,514]-[INFO]-[Current page title is selenium_百度搜索]
[BaiduSearch]-[2018-03-27 12:54:06,518]-[INFO]-[Test Pass.]
[BaiduSearch]-[2018-03-27 12:54:06,519]-[INFO]-[test_baidu_search end.]
[BaiduSearch]-[2018-03-27 12:54:06,519]-[INFO]-[test_baidu_search2 starting...]
[BasePage]-[2018-03-27 12:54:06,532]-[INFO]-[Had find the element '  ' successful by id via value: kw ]
[BasePage]-[2018-03-27 12:54:06,614]-[INFO]-[Had type ' python ' in inputBox]
[BasePage]-[2018-03-27 12:54:06,632]-[INFO]-[Had find the element '  ' successful by xpath via value: //*[@id='su'] ]
[BasePage]-[2018-03-27 12:54:06,790]-[INFO]-[The element '  ' was clicked.]
[BasePage]-[2018-03-27 12:54:09,220]-[INFO]-[Had take screenshot and save to folder : /screenshots]
[BasePage]-[2018-03-27 12:54:09,225]-[INFO]-[Current page title is python_百度搜索]
[BaiduSearch]-[2018-03-27 12:54:09,228]-[INFO]-[Test Pass.]
[BaiduSearch]-[2018-03-27 12:54:09,229]-[INFO]-[test_baidu_search2 end.]
[BaiduSearch]-[2018-03-27 12:54:09,229]-[INFO]-[Now, Close and quit the browser.]
